This is pdfTeX, Version 3.141592653-2.6-1.40.24 (MiKTeX 22.3) (preloaded format=pdflatex 2022.4.8)  9 MAY 2022 22:20
entering extended mode
 restricted \write18 enabled.
 %&-line parsing enabled.
**"./Thesis-Subha Biswal.tex"
(Thesis-Subha Biswal.tex
LaTeX2e <2021-11-15> patch level 1
L3 programming layer <2022-02-24> (Thesis_PG.cls
Document Class: Thesis_PG 2007/22/02 v1.0 LaTeX document class
(C:\Program Files\MiKTeX\tex/latex/base\book.cls
Document Class: book 2021/10/04 v1.4n Standard LaTeX document class
(C:\Program Files\MiKTeX\tex/latex/base\bk12.clo
File: bk12.clo 2021/10/04 v1.4n Standard LaTeX file (size option)
)
\c@part=\count185
\c@chapter=\count186
\c@section=\count187
\c@subsection=\count188
\c@subsubsection=\count189
\c@paragraph=\count190
\c@subparagraph=\count191
\c@figure=\count192
\c@table=\count193
\abovecaptionskip=\skip47
\belowcaptionskip=\skip48
\bibindent=\dimen138
)
(C:\Program Files\MiKTeX\tex/latex/setspace\setspace.sty
Package: setspace 2011/12/19 v6.7a set line spacing
)
(C:\Program Files\MiKTeX\tex/latex/vmargin\vmargin.sty
Package: vmargin 2004/07/15 V2.5 set document margins (VK)

Package: vmargin 2004/07/15 V2.5 set document margins (VK)
\PaperWidth=\dimen139
\PaperHeight=\dimen140
) (C:\Program Files\MiKTeX\tex/latex/fancyhdr\fancyhdr.sty
Package: fancyhdr 2021/01/28 v4.0.1 Extensive control of page headers and foote
rs
\f@nch@headwidth=\skip49
\f@nch@O@elh=\skip50
\f@nch@O@erh=\skip51
\f@nch@O@olh=\skip52
\f@nch@O@orh=\skip53
\f@nch@O@elf=\skip54
\f@nch@O@erf=\skip55
\f@nch@O@olf=\skip56
\f@nch@O@orf=\skip57
)
(C:\Program Files\MiKTeX\tex/latex/amsmath\amsmath.sty
Package: amsmath 2021/10/15 v2.17l AMS math features
\@mathmargin=\skip58

For additional information on amsmath, use the `?' option.
(C:\Program Files\MiKTeX\tex/latex/amsmath\amstext.sty
Package: amstext 2021/08/26 v2.01 AMS text

(C:\Program Files\MiKTeX\tex/latex/amsmath\amsgen.sty
File: amsgen.sty 1999/11/30 v2.0 generic functions
\@emptytoks=\toks16
\ex@=\dimen141
))
(C:\Program Files\MiKTeX\tex/latex/amsmath\amsbsy.sty
Package: amsbsy 1999/11/29 v1.2d Bold Symbols
\pmbraise@=\dimen142
)
(C:\Program Files\MiKTeX\tex/latex/amsmath\amsopn.sty
Package: amsopn 2021/08/26 v2.02 operator names
)
\inf@bad=\count194
LaTeX Info: Redefining \frac on input line 234.
\uproot@=\count195
\leftroot@=\count196
LaTeX Info: Redefining \overline on input line 399.
\classnum@=\count197
\DOTSCASE@=\count198
LaTeX Info: Redefining \ldots on input line 496.
LaTeX Info: Redefining \dots on input line 499.
LaTeX Info: Redefining \cdots on input line 620.
\Mathstrutbox@=\box50
\strutbox@=\box51
\big@size=\dimen143
LaTeX Font Info:    Redeclaring font encoding OML on input line 743.
LaTeX Font Info:    Redeclaring font encoding OMS on input line 744.
\macc@depth=\count199
\c@MaxMatrixCols=\count266
\dotsspace@=\muskip16
\c@parentequation=\count267
\dspbrk@lvl=\count268
\tag@help=\toks17
\row@=\count269
\column@=\count270
\maxfields@=\count271
\andhelp@=\toks18
\eqnshift@=\dimen144
\alignsep@=\dimen145
\tagshift@=\dimen146
\tagwidth@=\dimen147
\totwidth@=\dimen148
\lineht@=\dimen149
\@envbody=\toks19
\multlinegap=\skip59
\multlinetaggap=\skip60
\mathdisplay@stack=\toks20
LaTeX Info: Redefining \[ on input line 2938.
LaTeX Info: Redefining \] on input line 2939.
)
(C:\Program Files\MiKTeX\tex/latex/amsfonts\amsfonts.sty
Package: amsfonts 2013/01/14 v3.01 Basic AMSFonts support
\symAMSa=\mathgroup4
\symAMSb=\mathgroup5
LaTeX Font Info:    Redeclaring math symbol \hbar on input line 98.
LaTeX Font Info:    Overwriting math alphabet `\mathfrak' in version `bold'
(Font)                  U/euf/m/n --> U/euf/b/n on input line 106.
)
(C:\Program Files\MiKTeX\tex/latex/amsfonts\amssymb.sty
Package: amssymb 2013/01/14 v3.01 AMS font symbols
)
(C:\Program Files\MiKTeX\tex/latex/amsmath\amscd.sty
Package: amscd 2017/04/14 v2.1 AMS Commutative Diagrams
\athelp@=\toks21
\minaw@=\dimen150
\bigaw@=\dimen151
\minCDarrowwidth=\dimen152
)
(C:\Program Files\MiKTeX\tex/latex/amscls\amsthm.sty
Package: amsthm 2020/05/29 v2.20.6
\thm@style=\toks22
\thm@bodyfont=\toks23
\thm@headfont=\toks24
\thm@notefont=\toks25
\thm@headpunct=\toks26
\thm@preskip=\skip61
\thm@postskip=\skip62
\thm@headsep=\skip63
\dth@everypar=\toks27
)
(C:\Program Files\MiKTeX\tex/latex/tools\xspace.sty
Package: xspace 2014/10/28 v1.13 Space after command names (DPC,MH)
)
\c@example=\count272
\c@theorem=\count273

(C:\Program Files\MiKTeX\tex/latex/caption\caption.sty
Package: caption 2022/03/01 v3.6b Customizing captions (AR)

(C:\Program Files\MiKTeX\tex/latex/caption\caption3.sty
Package: caption3 2022/03/17 v2.3b caption3 kernel (AR)

(C:\Program Files\MiKTeX\tex/latex/graphics\keyval.sty
Package: keyval 2014/10/28 v1.15 key=value parser (DPC)
\KV@toks@=\toks28
)
\caption@tempdima=\dimen153
\captionmargin=\dimen154
\caption@leftmargin=\dimen155
\caption@rightmargin=\dimen156
\caption@width=\dimen157
\caption@indent=\dimen158
\caption@parindent=\dimen159
\caption@hangindent=\dimen160
Package caption Info: Standard document class detected.
)
\c@caption@flags=\count274
\c@continuedfloat=\count275
)
(C:\Program Files\MiKTeX\tex/latex/graphics\graphicx.sty
Package: graphicx 2021/09/16 v1.2d Enhanced LaTeX Graphics (DPC,SPQR)

(C:\Program Files\MiKTeX\tex/latex/graphics\graphics.sty
Package: graphics 2021/03/04 v1.4d Standard LaTeX Graphics (DPC,SPQR)

(C:\Program Files\MiKTeX\tex/latex/graphics\trig.sty
Package: trig 2021/08/11 v1.11 sin cos tan (DPC)
)
(C:\Program Files\MiKTeX\tex/latex/graphics-cfg\graphics.cfg
File: graphics.cfg 2016/06/04 v1.11 sample graphics configuration
)
Package graphics Info: Driver file: pdftex.def on input line 107.

(C:\Program Files\MiKTeX\tex/latex/graphics-def\pdftex.def
File: pdftex.def 2020/10/05 v1.2a Graphics/color driver for pdftex
))
\Gin@req@height=\dimen161
\Gin@req@width=\dimen162
)
(C:\Program Files\MiKTeX\tex/latex/epstopdf-pkg\epstopdf.sty
Package: epstopdf 2020-01-24 v2.11 Conversion with epstopdf on the fly (HO)

(C:\Program Files\MiKTeX\tex/generic/infwarerr\infwarerr.sty
Package: infwarerr 2019/12/03 v1.5 Providing info/warning/error messages (HO)
)
(C:\Program Files\MiKTeX\tex/latex/grfext\grfext.sty
Package: grfext 2019/12/03 v1.3 Manage graphics extensions (HO)

(C:\Program Files\MiKTeX\tex/generic/kvdefinekeys\kvdefinekeys.sty
Package: kvdefinekeys 2019-12-19 v1.6 Define keys (HO)
))
(C:\Program Files\MiKTeX\tex/latex/kvoptions\kvoptions.sty
Package: kvoptions 2020-10-07 v3.14 Key value format for package options (HO)

(C:\Program Files\MiKTeX\tex/generic/ltxcmds\ltxcmds.sty
Package: ltxcmds 2020-05-10 v1.25 LaTeX kernel commands for general use (HO)
)
(C:\Program Files\MiKTeX\tex/generic/kvsetkeys\kvsetkeys.sty
Package: kvsetkeys 2019/12/15 v1.18 Key value parser (HO)
))
(C:\Program Files\MiKTeX\tex/generic/pdftexcmds\pdftexcmds.sty
Package: pdftexcmds 2020-06-27 v0.33 Utility functions of pdfTeX for LuaTeX (HO
)

(C:\Program Files\MiKTeX\tex/generic/iftex\iftex.sty
Package: iftex 2022/02/03 v1.0f TeX engine tests
)
Package pdftexcmds Info: \pdf@primitive is available.
Package pdftexcmds Info: \pdf@ifprimitive is available.
Package pdftexcmds Info: \pdfdraftmode found.
)
(C:\Program Files\MiKTeX\tex/latex/epstopdf-pkg\epstopdf-base.sty
Package: epstopdf-base 2020-01-24 v2.11 Base part for package epstopdf
Package epstopdf-base Info: Redefining graphics rule for `.eps' on input line 4
85.
Package grfext Info: Graphics extension search list:
(grfext)             [.pdf,.png,.jpg,.mps,.jpeg,.jbig2,.jb2,.PDF,.PNG,.JPG,.JPE
G,.JBIG2,.JB2,.eps]
(grfext)             \AppendGraphicsExtensions on input line 504.

(C:\Program Files\MiKTeX\tex/latex/00miktex\epstopdf-sys.cfg
File: epstopdf-sys.cfg 2021/03/18 v2.0 Configuration of epstopdf for MiKTeX
)))
(C:\Program Files\MiKTeX\tex/latex/booktabs\booktabs.sty
Package: booktabs 2020/01/12 v1.61803398 Publication quality tables
\heavyrulewidth=\dimen163
\lightrulewidth=\dimen164
\cmidrulewidth=\dimen165
\belowrulesep=\dimen166
\belowbottomsep=\dimen167
\aboverulesep=\dimen168
\abovetopsep=\dimen169
\cmidrulesep=\dimen170
\cmidrulekern=\dimen171
\defaultaddspace=\dimen172
\@cmidla=\count276
\@cmidlb=\count277
\@aboverulesep=\dimen173
\@belowrulesep=\dimen174
\@thisruleclass=\count278
\@lastruleclass=\count279
\@thisrulewidth=\dimen175
)
(C:\Program Files\MiKTeX\tex/latex/graphics\rotating.sty
Package: rotating 2016/08/11 v2.16d rotated objects in LaTeX

(C:\Program Files\MiKTeX\tex/latex/base\ifthen.sty
Package: ifthen 2020/11/24 v1.1c Standard LaTeX ifthen package (DPC)
)
\c@r@tfl@t=\count280
\rotFPtop=\skip64
\rotFPbot=\skip65
\rot@float@box=\box52
\rot@mess@toks=\toks29
)
(C:\Program Files\MiKTeX\tex/latex/listings\listings.sty
\lst@mode=\count281
\lst@gtempboxa=\box53
\lst@token=\toks30
\lst@length=\count282
\lst@currlwidth=\dimen176
\lst@column=\count283
\lst@pos=\count284
\lst@lostspace=\dimen177
\lst@width=\dimen178
\lst@newlines=\count285
\lst@lineno=\count286
\lst@maxwidth=\dimen179
 (lstpatch.sty

***
*** This is a patch for listings 1.3, but you're using
*** version 1.8d.
***
*** Patch file not loaded.
***

) (C:\Program Files\MiKTeX\tex/latex/listings\lstmisc.sty
File: lstmisc.sty 2020/03/24 1.8d (Carsten Heinz)
\c@lstnumber=\count287
\lst@skipnumbers=\count288
\lst@framebox=\box54
)
(C:\Program Files\MiKTeX\tex/latex/listings\listings.cfg
File: listings.cfg 2020/03/24 1.8d listings configuration
))
Package: listings 2020/03/24 1.8d (Carsten Heinz)
 (lstpatch.sty

***
*** This is a patch for listings 1.3, but you're using
*** version 1.8d.
***
 *** Patch file not loaded.
***

) (C:\Program Files\MiKTeX\tex/latex/hyperref\hyperref.sty
Package: hyperref 2022-02-21 v7.00n Hypertext links for LaTeX

(C:\Program Files\MiKTeX\tex/generic/pdfescape\pdfescape.sty
Package: pdfescape 2019/12/09 v1.15 Implements pdfTeX's escape features (HO)
)
(C:\Program Files\MiKTeX\tex/latex/hycolor\hycolor.sty
Package: hycolor 2020-01-27 v1.10 Color options for hyperref/bookmark (HO)
)
(C:\Program Files\MiKTeX\tex/latex/letltxmacro\letltxmacro.sty
Package: letltxmacro 2019/12/03 v1.6 Let assignment for LaTeX macros (HO)
)
(C:\Program Files\MiKTeX\tex/latex/auxhook\auxhook.sty
Package: auxhook 2019-12-17 v1.6 Hooks for auxiliary files (HO)
)
\@linkdim=\dimen180
\Hy@linkcounter=\count289
\Hy@pagecounter=\count290

(C:\Program Files\MiKTeX\tex/latex/hyperref\pd1enc.def
File: pd1enc.def 2022-02-21 v7.00n Hyperref: PDFDocEncoding definition (HO)
Now handling font encoding PD1 ...
... no UTF-8 mapping file for font encoding PD1
)
(C:\Program Files\MiKTeX\tex/generic/intcalc\intcalc.sty
Package: intcalc 2019/12/15 v1.3 Expandable calculations with integers (HO)
)
(C:\Program Files\MiKTeX\tex/generic/etexcmds\etexcmds.sty
Package: etexcmds 2019/12/15 v1.7 Avoid name clashes with e-TeX commands (HO)
)
\Hy@SavedSpaceFactor=\count291

(C:\Program Files\MiKTeX\tex/latex/hyperref\puenc.def
File: puenc.def 2022-02-21 v7.00n Hyperref: PDF Unicode definition (HO)
Now handling font encoding PU ...
... no UTF-8 mapping file for font encoding PU
)
Package hyperref Info: Option `bookmarks' set `true' on input line 4018.
Package hyperref Info: Option `bookmarksopen' set `true' on input line 4018.
Package hyperref Info: Option `bookmarksnumbered' set `true' on input line 4018
.
Package hyperref Info: Option `hypertexnames' set `false' on input line 4018.
Package hyperref Info: Option `colorlinks' set `true' on input line 4018.
Package hyperref Info: Option `unicode' set `true' on input line 4018.
Package hyperref Info: Option `breaklinks' set `true' on input line 4018.
Package hyperref Info: Hyper figures OFF on input line 4137.
Package hyperref Info: Link nesting OFF on input line 4142.
Package hyperref Info: Hyper index ON on input line 4145.
Package hyperref Info: Plain pages OFF on input line 4152.
Package hyperref Info: Backreferencing OFF on input line 4157.
Package hyperref Info: Implicit mode ON; LaTeX internals redefined.
Package hyperref Info: Bookmarks ON on input line 4390.
\c@Hy@tempcnt=\count292

(C:\Program Files\MiKTeX\tex/latex/url\url.sty
\Urlmuskip=\muskip17
Package: url 2013/09/16  ver 3.4  Verb mode for urls, etc.
)
LaTeX Info: Redefining \url on input line 4749.
\XeTeXLinkMargin=\dimen181

(C:\Program Files\MiKTeX\tex/generic/bitset\bitset.sty
Package: bitset 2019/12/09 v1.3 Handle bit-vector datatype (HO)

(C:\Program Files\MiKTeX\tex/generic/bigintcalc\bigintcalc.sty
Package: bigintcalc 2019/12/15 v1.5 Expandable calculations on big integers (HO
)
))
\Fld@menulength=\count293
\Field@Width=\dimen182
\Fld@charsize=\dimen183
Package hyperref Info: Hyper figures OFF on input line 6027.
Package hyperref Info: Link nesting OFF on input line 6032.
Package hyperref Info: Hyper index ON on input line 6035.
Package hyperref Info: backreferencing OFF on input line 6042.
Package hyperref Info: Link coloring ON on input line 6045.
Package hyperref Info: Link coloring with OCG OFF on input line 6052.
Package hyperref Info: PDF/A mode OFF on input line 6057.
LaTeX Info: Redefining \ref on input line 6097.
LaTeX Info: Redefining \pageref on input line 6101.

(C:\Program Files\MiKTeX\tex/latex/base\atbegshi-ltx.sty
Package: atbegshi-ltx 2021/01/10 v1.0c Emulation of the original atbegshi
package with kernel methods
)
\Hy@abspage=\count294
\c@Item=\count295
\c@Hfootnote=\count296
)
Package hyperref Info: Driver (autodetected): hpdftex.

(C:\Program Files\MiKTeX\tex/latex/hyperref\hpdftex.def
File: hpdftex.def 2022-02-21 v7.00n Hyperref driver for pdfTeX

(C:\Program Files\MiKTeX\tex/latex/base\atveryend-ltx.sty
Package: atveryend-ltx 2020/08/19 v1.0a Emulation of the original atveryend pac
kage
with kernel methods
)
\Fld@listcount=\count297
\c@bookmark@seq@number=\count298

(C:\Program Files\MiKTeX\tex/latex/rerunfilecheck\rerunfilecheck.sty
Package: rerunfilecheck 2019/12/05 v1.9 Rerun checks for auxiliary files (HO)

(C:\Program Files\MiKTeX\tex/generic/uniquecounter\uniquecounter.sty
Package: uniquecounter 2019/12/15 v1.4 Provide unlimited unique counter (HO)
)
Package uniquecounter Info: New unique counter `rerunfilecheck' on input line 2
86.
)
\Hy@SectionHShift=\skip66
)
\c@dummy=\count299

(C:\Program Files\MiKTeX\tex/latex/tools\longtable.sty
Package: longtable 2021-09-01 v4.17 Multi-page Table package (DPC)
\LTleft=\skip67
\LTright=\skip68
\LTpre=\skip69
\LTpost=\skip70
\LTchunksize=\count300
\LTcapwidth=\dimen184
\LT@head=\box55
\LT@firsthead=\box56
\LT@foot=\box57
\LT@lastfoot=\box58
\LT@gbox=\box59
\LT@cols=\count301
\LT@rows=\count302
\c@LT@tables=\count303
\c@LT@chunks=\count304
\LT@p@ftn=\toks31
))
(C:\Program Files\MiKTeX\tex/latex/lineno\lineno.sty
Package: lineno 2005/11/02 line numbers on paragraphs v4.41
\linenopenalty=\count305
\output=\toks32
\linenoprevgraf=\count306
\linenumbersep=\dimen185
\linenumberwidth=\dimen186
\c@linenumber=\count307
\c@pagewiselinenumber=\count308
\c@LN@truepage=\count309
\c@internallinenumber=\count310
\c@internallinenumbers=\count311
\quotelinenumbersep=\dimen187
\bframerule=\dimen188
\bframesep=\dimen189
\bframebox=\box60
LaTeX Info: Redefining \\ on input line 3056.
)
(C:\Program Files\MiKTeX\tex/latex/tools\layout.sty
Package: layout 2021-03-10 v1.2e Show layout parameters
\oneinch=\count312
\cnt@paperwidth=\count313
\cnt@paperheight=\count314
\cnt@hoffset=\count315
\cnt@voffset=\count316
\cnt@textheight=\count317
\cnt@textwidth=\count318
\cnt@topmargin=\count319
\cnt@oddsidemargin=\count320
\cnt@evensidemargin=\count321
\cnt@headheight=\count322
\cnt@headsep=\count323
\cnt@marginparsep=\count324
\cnt@marginparwidth=\count325
\cnt@marginparpush=\count326
\cnt@footskip=\count327
\fheight=\count328
\ref@top=\count329
\ref@hoffset=\count330
\ref@voffset=\count331
\ref@head=\count332
\ref@body=\count333
\ref@foot=\count334
\ref@margin=\count335
\ref@marginwidth=\count336
\ref@marginpar=\count337
\Interval=\count338
\ExtraYPos=\count339
\PositionX=\count340
\PositionY=\count341
\ArrowLength=\count342
) (IEEEtrantools.sty
Package: IEEEtrantools 2015/08/26 V1.5 by Michael Shell

-- See the "IEEEtrantools_doc.txt" manual for usage information.
-- http://www.michaelshell.org/tex/ieeetran/tools/
\@IEEEtrantmpdimenA=\dimen190
\@IEEEtrantmpdimenB=\dimen191
\@IEEEtrantmpdimenC=\dimen192
\@IEEEtrantmpcountA=\count343
\@IEEEtrantmpcountB=\count344
\@IEEEtrantmpcountC=\count345
\@IEEEtrantmptoksA=\toks33
\IEEEnormaljot=\dimen193
\IEEEquantizedlength=\dimen194
\IEEEquantizedlengthdiff=\dimen195
\IEEEquantizedtextheightdiff=\dimen196
\IEEEilabelindentA=\dimen197
\IEEEilabelindentB=\dimen198
\IEEEilabelindent=\dimen199
\IEEEelabelindent=\dimen256
\IEEEdlabelindent=\dimen257
\IEEElabelindent=\dimen258
\IEEEiednormlabelsep=\dimen259
\IEEEiedmathlabelsep=\dimen260
\IEEEiedtopsep=\skip71
\c@IEEEsubequation=\count346
\@IEEEeqnnumcols=\count347
\@IEEEeqncolcnt=\count348
\@IEEEsubeqnnumrollback=\count349
\IEEEPARstartletwidth=\dimen261
) (C:\Program Files\MiKTeX\tex/latex/caption\subcaption.sty
Package: subcaption 2022/01/07 v1.5 Sub-captions (AR)
\c@subfigure=\count350
\c@subtable=\count351
)
(C:\Program Files\MiKTeX\tex/latex/tools\array.sty
Package: array 2021/10/04 v2.5f Tabular extension package (FMi)
\col@sep=\dimen262
\ar@mcellbox=\box61
\extrarowheight=\dimen263
\NC@list=\toks34
\extratabsurround=\skip72
\backup@length=\skip73
\ar@cellbox=\box62
)
(C:\Program Files\MiKTeX\tex/latex/base\inputenc.sty
Package: inputenc 2021/02/14 v1.3d Input encoding file
\inpenc@prehook=\toks35
\inpenc@posthook=\toks36
)
(C:\Program Files\MiKTeX\tex/latex/tools\verbatim.sty
Package: verbatim 2020-07-07 v1.5u LaTeX2e package for verbatim enhancements
\every@verbatim=\toks37
\verbatim@line=\toks38
\verbatim@in@stream=\read2
)
(C:\Program Files\MiKTeX\tex/latex/pgf/frontendlayer\tikz.sty
(C:\Program Files\MiKTeX\tex/latex/pgf/basiclayer\pgf.sty
(C:\Program Files\MiKTeX\tex/latex/pgf/utilities\pgfrcs.sty
(C:\Program Files\MiKTeX\tex/generic/pgf/utilities\pgfutil-common.tex
\pgfutil@everybye=\toks39
\pgfutil@tempdima=\dimen264
\pgfutil@tempdimb=\dimen265

(C:\Program Files\MiKTeX\tex/generic/pgf/utilities\pgfutil-common-lists.tex))
(C:\Program Files\MiKTeX\tex/generic/pgf/utilities\pgfutil-latex.def
\pgfutil@abb=\box63
)
(C:\Program Files\MiKTeX\tex/generic/pgf/utilities\pgfrcs.code.tex
(C:\Program Files\MiKTeX\tex/generic/pgf\pgf.revision.tex)
Package: pgfrcs 2021/05/15 v3.1.9a (3.1.9a)
))
Package: pgf 2021/05/15 v3.1.9a (3.1.9a)

(C:\Program Files\MiKTeX\tex/latex/pgf/basiclayer\pgfcore.sty
(C:\Program Files\MiKTeX\tex/latex/pgf/systemlayer\pgfsys.sty
(C:\Program Files\MiKTeX\tex/generic/pgf/systemlayer\pgfsys.code.tex
Package: pgfsys 2021/05/15 v3.1.9a (3.1.9a)

(C:\Program Files\MiKTeX\tex/generic/pgf/utilities\pgfkeys.code.tex
\pgfkeys@pathtoks=\toks40
\pgfkeys@temptoks=\toks41

(C:\Program Files\MiKTeX\tex/generic/pgf/utilities\pgfkeysfiltered.code.tex
\pgfkeys@tmptoks=\toks42
))
\pgf@x=\dimen266
\pgf@y=\dimen267
\pgf@xa=\dimen268
\pgf@ya=\dimen269
\pgf@xb=\dimen270
\pgf@yb=\dimen271
\pgf@xc=\dimen272
\pgf@yc=\dimen273
\pgf@xd=\dimen274
\pgf@yd=\dimen275
\w@pgf@writea=\write3
\r@pgf@reada=\read3
\c@pgf@counta=\count352
\c@pgf@countb=\count353
\c@pgf@countc=\count354
\c@pgf@countd=\count355
\t@pgf@toka=\toks43
\t@pgf@tokb=\toks44
\t@pgf@tokc=\toks45
\pgf@sys@id@count=\count356

(C:\Program Files\MiKTeX\tex/generic/pgf/systemlayer\pgf.cfg
File: pgf.cfg 2021/05/15 v3.1.9a (3.1.9a)
)
Driver file for pgf: pgfsys-pdftex.def

(C:\Program Files\MiKTeX\tex/generic/pgf/systemlayer\pgfsys-pdftex.def
File: pgfsys-pdftex.def 2021/05/15 v3.1.9a (3.1.9a)

(C:\Program Files\MiKTeX\tex/generic/pgf/systemlayer\pgfsys-common-pdf.def
File: pgfsys-common-pdf.def 2021/05/15 v3.1.9a (3.1.9a)
)))
(C:\Program Files\MiKTeX\tex/generic/pgf/systemlayer\pgfsyssoftpath.code.tex
File: pgfsyssoftpath.code.tex 2021/05/15 v3.1.9a (3.1.9a)
\pgfsyssoftpath@smallbuffer@items=\count357
\pgfsyssoftpath@bigbuffer@items=\count358
)
(C:\Program Files\MiKTeX\tex/generic/pgf/systemlayer\pgfsysprotocol.code.tex
File: pgfsysprotocol.code.tex 2021/05/15 v3.1.9a (3.1.9a)
))
(C:\Program Files\MiKTeX\tex/latex/xcolor\xcolor.sty
Package: xcolor 2021/10/31 v2.13 LaTeX color extensions (UK)

(C:\Program Files\MiKTeX\tex/latex/graphics-cfg\color.cfg
File: color.cfg 2016/01/02 v1.6 sample color configuration
)
Package xcolor Info: Driver file: pdftex.def on input line 227.
Package xcolor Info: Model `cmy' substituted by `cmy0' on input line 1352.
Package xcolor Info: Model `hsb' substituted by `rgb' on input line 1356.
Package xcolor Info: Model `RGB' extended on input line 1368.
Package xcolor Info: Model `HTML' substituted by `rgb' on input line 1370.
Package xcolor Info: Model `Hsb' substituted by `hsb' on input line 1371.
Package xcolor Info: Model `tHsb' substituted by `hsb' on input line 1372.
Package xcolor Info: Model `HSB' substituted by `hsb' on input line 1373.
Package xcolor Info: Model `Gray' substituted by `gray' on input line 1374.
Package xcolor Info: Model `wave' substituted by `hsb' on input line 1375.
)
(C:\Program Files\MiKTeX\tex/generic/pgf/basiclayer\pgfcore.code.tex
Package: pgfcore 2021/05/15 v3.1.9a (3.1.9a)

(C:\Program Files\MiKTeX\tex/generic/pgf/math\pgfmath.code.tex
(C:\Program Files\MiKTeX\tex/generic/pgf/math\pgfmathcalc.code.tex
(C:\Program Files\MiKTeX\tex/generic/pgf/math\pgfmathutil.code.tex)
(C:\Program Files\MiKTeX\tex/generic/pgf/math\pgfmathparser.code.tex
\pgfmath@dimen=\dimen276
\pgfmath@count=\count359
\pgfmath@box=\box64
\pgfmath@toks=\toks46
\pgfmath@stack@operand=\toks47
\pgfmath@stack@operation=\toks48
)
(C:\Program Files\MiKTeX\tex/generic/pgf/math\pgfmathfunctions.code.tex
(C:\Program Files\MiKTeX\tex/generic/pgf/math\pgfmathfunctions.basic.code.tex)
(C:\Program Files\MiKTeX\tex/generic/pgf/math\pgfmathfunctions.trigonometric.co
de.tex)
(C:\Program Files\MiKTeX\tex/generic/pgf/math\pgfmathfunctions.random.code.tex)

(C:\Program Files\MiKTeX\tex/generic/pgf/math\pgfmathfunctions.comparison.code.
tex)
(C:\Program Files\MiKTeX\tex/generic/pgf/math\pgfmathfunctions.base.code.tex)
(C:\Program Files\MiKTeX\tex/generic/pgf/math\pgfmathfunctions.round.code.tex)
(C:\Program Files\MiKTeX\tex/generic/pgf/math\pgfmathfunctions.misc.code.tex)
(C:\Program Files\MiKTeX\tex/generic/pgf/math\pgfmathfunctions.integerarithmeti
cs.code.tex)))
(C:\Program Files\MiKTeX\tex/generic/pgf/math\pgfmathfloat.code.tex
\c@pgfmathroundto@lastzeros=\count360
))
(C:\Program Files\MiKTeX\tex/generic/pgf/math\pgfint.code.tex)
(C:\Program Files\MiKTeX\tex/generic/pgf/basiclayer\pgfcorepoints.code.tex
File: pgfcorepoints.code.tex 2021/05/15 v3.1.9a (3.1.9a)
\pgf@picminx=\dimen277
\pgf@picmaxx=\dimen278
\pgf@picminy=\dimen279
\pgf@picmaxy=\dimen280
\pgf@pathminx=\dimen281
\pgf@pathmaxx=\dimen282
\pgf@pathminy=\dimen283
\pgf@pathmaxy=\dimen284
\pgf@xx=\dimen285
\pgf@xy=\dimen286
\pgf@yx=\dimen287
\pgf@yy=\dimen288
\pgf@zx=\dimen289
\pgf@zy=\dimen290
)
(C:\Program Files\MiKTeX\tex/generic/pgf/basiclayer\pgfcorepathconstruct.code.t
ex
File: pgfcorepathconstruct.code.tex 2021/05/15 v3.1.9a (3.1.9a)
\pgf@path@lastx=\dimen291
\pgf@path@lasty=\dimen292
)
(C:\Program Files\MiKTeX\tex/generic/pgf/basiclayer\pgfcorepathusage.code.tex
File: pgfcorepathusage.code.tex 2021/05/15 v3.1.9a (3.1.9a)
\pgf@shorten@end@additional=\dimen293
\pgf@shorten@start@additional=\dimen294
)
(C:\Program Files\MiKTeX\tex/generic/pgf/basiclayer\pgfcorescopes.code.tex
File: pgfcorescopes.code.tex 2021/05/15 v3.1.9a (3.1.9a)
\pgfpic=\box65
\pgf@hbox=\box66
\pgf@layerbox@main=\box67
\pgf@picture@serial@count=\count361
)
(C:\Program Files\MiKTeX\tex/generic/pgf/basiclayer\pgfcoregraphicstate.code.te
x
File: pgfcoregraphicstate.code.tex 2021/05/15 v3.1.9a (3.1.9a)
\pgflinewidth=\dimen295
)
(C:\Program Files\MiKTeX\tex/generic/pgf/basiclayer\pgfcoretransformations.code
.tex
File: pgfcoretransformations.code.tex 2021/05/15 v3.1.9a (3.1.9a)
\pgf@pt@x=\dimen296
\pgf@pt@y=\dimen297
\pgf@pt@temp=\dimen298
) (C:\Program Files\MiKTeX\tex/generic/pgf/basiclayer\pgfcorequick.code.tex
File: pgfcorequick.code.tex 2021/05/15 v3.1.9a (3.1.9a)
) (C:\Program Files\MiKTeX\tex/generic/pgf/basiclayer\pgfcoreobjects.code.tex
File: pgfcoreobjects.code.tex 2021/05/15 v3.1.9a (3.1.9a)
)
(C:\Program Files\MiKTeX\tex/generic/pgf/basiclayer\pgfcorepathprocessing.code.
tex
File: pgfcorepathprocessing.code.tex 2021/05/15 v3.1.9a (3.1.9a)
) (C:\Program Files\MiKTeX\tex/generic/pgf/basiclayer\pgfcorearrows.code.tex
File: pgfcorearrows.code.tex 2021/05/15 v3.1.9a (3.1.9a)
\pgfarrowsep=\dimen299
) (C:\Program Files\MiKTeX\tex/generic/pgf/basiclayer\pgfcoreshade.code.tex
File: pgfcoreshade.code.tex 2021/05/15 v3.1.9a (3.1.9a)
\pgf@max=\dimen300
\pgf@sys@shading@range@num=\count362
\pgf@shadingcount=\count363
)
(C:\Program Files\MiKTeX\tex/generic/pgf/basiclayer\pgfcoreimage.code.tex
File: pgfcoreimage.code.tex 2021/05/15 v3.1.9a (3.1.9a)

(C:\Program Files\MiKTeX\tex/generic/pgf/basiclayer\pgfcoreexternal.code.tex
File: pgfcoreexternal.code.tex 2021/05/15 v3.1.9a (3.1.9a)
\pgfexternal@startupbox=\box68
))
(C:\Program Files\MiKTeX\tex/generic/pgf/basiclayer\pgfcorelayers.code.tex
File: pgfcorelayers.code.tex 2021/05/15 v3.1.9a (3.1.9a)
)
(C:\Program Files\MiKTeX\tex/generic/pgf/basiclayer\pgfcoretransparency.code.te
x
File: pgfcoretransparency.code.tex 2021/05/15 v3.1.9a (3.1.9a)
) (C:\Program Files\MiKTeX\tex/generic/pgf/basiclayer\pgfcorepatterns.code.tex
File: pgfcorepatterns.code.tex 2021/05/15 v3.1.9a (3.1.9a)
) (C:\Program Files\MiKTeX\tex/generic/pgf/basiclayer\pgfcorerdf.code.tex
File: pgfcorerdf.code.tex 2021/05/15 v3.1.9a (3.1.9a)
)))
(C:\Program Files\MiKTeX\tex/generic/pgf/modules\pgfmoduleshapes.code.tex
File: pgfmoduleshapes.code.tex 2021/05/15 v3.1.9a (3.1.9a)
\pgfnodeparttextbox=\box69
)
(C:\Program Files\MiKTeX\tex/generic/pgf/modules\pgfmoduleplot.code.tex
File: pgfmoduleplot.code.tex 2021/05/15 v3.1.9a (3.1.9a)
)
(C:\Program Files\MiKTeX\tex/latex/pgf/compatibility\pgfcomp-version-0-65.sty
Package: pgfcomp-version-0-65 2021/05/15 v3.1.9a (3.1.9a)
\pgf@nodesepstart=\dimen301
\pgf@nodesepend=\dimen302
)
(C:\Program Files\MiKTeX\tex/latex/pgf/compatibility\pgfcomp-version-1-18.sty
Package: pgfcomp-version-1-18 2021/05/15 v3.1.9a (3.1.9a)
)) (C:\Program Files\MiKTeX\tex/latex/pgf/utilities\pgffor.sty
(C:\Program Files\MiKTeX\tex/latex/pgf/utilities\pgfkeys.sty
(C:\Program Files\MiKTeX\tex/generic/pgf/utilities\pgfkeys.code.tex))
(C:\Program Files\MiKTeX\tex/latex/pgf/math\pgfmath.sty
(C:\Program Files\MiKTeX\tex/generic/pgf/math\pgfmath.code.tex))
(C:\Program Files\MiKTeX\tex/generic/pgf/utilities\pgffor.code.tex
Package: pgffor 2021/05/15 v3.1.9a (3.1.9a)

(C:\Program Files\MiKTeX\tex/generic/pgf/math\pgfmath.code.tex)
\pgffor@iter=\dimen303
\pgffor@skip=\dimen304
\pgffor@stack=\toks49
\pgffor@toks=\toks50
))
(C:\Program Files\MiKTeX\tex/generic/pgf/frontendlayer/tikz\tikz.code.tex
Package: tikz 2021/05/15 v3.1.9a (3.1.9a)

(C:\Program Files\MiKTeX\tex/generic/pgf/libraries\pgflibraryplothandlers.code.
tex
File: pgflibraryplothandlers.code.tex 2021/05/15 v3.1.9a (3.1.9a)
\pgf@plot@mark@count=\count364
\pgfplotmarksize=\dimen305
)
\tikz@lastx=\dimen306
\tikz@lasty=\dimen307
\tikz@lastxsaved=\dimen308
\tikz@lastysaved=\dimen309
\tikz@lastmovetox=\dimen310
\tikz@lastmovetoy=\dimen311
\tikzleveldistance=\dimen312
\tikzsiblingdistance=\dimen313
\tikz@figbox=\box70
\tikz@figbox@bg=\box71
\tikz@tempbox=\box72
\tikz@tempbox@bg=\box73
\tikztreelevel=\count365
\tikznumberofchildren=\count366
\tikznumberofcurrentchild=\count367
\tikz@fig@count=\count368
 (C:\Program Files\MiKTeX\tex/generic/pgf/modules\pgfmodulematrix.code.tex
File: pgfmodulematrix.code.tex 2021/05/15 v3.1.9a (3.1.9a)
\pgfmatrixcurrentrow=\count369
\pgfmatrixcurrentcolumn=\count370
\pgf@matrix@numberofcolumns=\count371
)
\tikz@expandcount=\count372

(C:\Program Files\MiKTeX\tex/generic/pgf/frontendlayer/tikz/libraries\tikzlibra
rytopaths.code.tex
File: tikzlibrarytopaths.code.tex 2021/05/15 v3.1.9a (3.1.9a)
)))
(C:\Program Files\MiKTeX\tex/generic/pgf/frontendlayer/tikz/libraries\tikzlibra
rymatrix.code.tex
File: tikzlibrarymatrix.code.tex 2021/05/15 v3.1.9a (3.1.9a)
)
(C:\Program Files\MiKTeX\tex/generic/pgf/frontendlayer/tikz/libraries\tikzlibra
ryshapes.code.tex
File: tikzlibraryshapes.code.tex 2021/05/15 v3.1.9a (3.1.9a)

(C:\Program Files\MiKTeX\tex/generic/pgf/frontendlayer/tikz/libraries\tikzlibra
ryshapes.geometric.code.tex
File: tikzlibraryshapes.geometric.code.tex 2021/05/15 v3.1.9a (3.1.9a)

(C:\Program Files\MiKTeX\tex/generic/pgf/libraries/shapes\pgflibraryshapes.geom
etric.code.tex
File: pgflibraryshapes.geometric.code.tex 2021/05/15 v3.1.9a (3.1.9a)
))
(C:\Program Files\MiKTeX\tex/generic/pgf/frontendlayer/tikz/libraries\tikzlibra
ryshapes.misc.code.tex
File: tikzlibraryshapes.misc.code.tex 2021/05/15 v3.1.9a (3.1.9a)

(C:\Program Files\MiKTeX\tex/generic/pgf/libraries/shapes\pgflibraryshapes.misc
.code.tex
File: pgflibraryshapes.misc.code.tex 2021/05/15 v3.1.9a (3.1.9a)
))
(C:\Program Files\MiKTeX\tex/generic/pgf/frontendlayer/tikz/libraries\tikzlibra
ryshapes.symbols.code.tex
File: tikzlibraryshapes.symbols.code.tex 2021/05/15 v3.1.9a (3.1.9a)

(C:\Program Files\MiKTeX\tex/generic/pgf/libraries/shapes\pgflibraryshapes.symb
ols.code.tex
File: pgflibraryshapes.symbols.code.tex 2021/05/15 v3.1.9a (3.1.9a)
))
(C:\Program Files\MiKTeX\tex/generic/pgf/frontendlayer/tikz/libraries\tikzlibra
ryshapes.arrows.code.tex
File: tikzlibraryshapes.arrows.code.tex 2021/05/15 v3.1.9a (3.1.9a)

(C:\Program Files\MiKTeX\tex/generic/pgf/libraries/shapes\pgflibraryshapes.arro
ws.code.tex
File: pgflibraryshapes.arrows.code.tex 2021/05/15 v3.1.9a (3.1.9a)
))
(C:\Program Files\MiKTeX\tex/generic/pgf/frontendlayer/tikz/libraries\tikzlibra
ryshapes.callouts.code.tex
(C:\Program Files\MiKTeX\tex/generic/pgf/libraries/shapes\pgflibraryshapes.call
outs.code.tex))
(C:\Program Files\MiKTeX\tex/generic/pgf/frontendlayer/tikz/libraries\tikzlibra
ryshapes.multipart.code.tex
File: tikzlibraryshapes.multipart.code.tex 2021/05/15 v3.1.9a (3.1.9a)

(C:\Program Files\MiKTeX\tex/generic/pgf/libraries/shapes\pgflibraryshapes.mult
ipart.code.tex
File: pgflibraryshapes.multipart.code.tex 2021/05/15 v3.1.9a (3.1.9a)
\pgfnodepartlowerbox=\box74
\pgfnodeparttwobox=\box75
\pgfnodepartthreebox=\box76
\pgfnodepartfourbox=\box77
\pgfnodeparttwentybox=\box78
\pgfnodepartnineteenbox=\box79
\pgfnodeparteighteenbox=\box80
\pgfnodepartseventeenbox=\box81
\pgfnodepartsixteenbox=\box82
\pgfnodepartfifteenbox=\box83
\pgfnodepartfourteenbox=\box84
\pgfnodepartthirteenbox=\box85
\pgfnodeparttwelvebox=\box86
\pgfnodepartelevenbox=\box87
\pgfnodeparttenbox=\box88
\pgfnodepartninebox=\box89
\pgfnodeparteightbox=\box90
\pgfnodepartsevenbox=\box91
\pgfnodepartsixbox=\box92
\pgfnodepartfivebox=\box93
)))
(C:\Program Files\MiKTeX\tex/generic/pgf/frontendlayer/tikz/libraries\tikzlibra
ryarrows.code.tex
File: tikzlibraryarrows.code.tex 2021/05/15 v3.1.9a (3.1.9a)

(C:\Program Files\MiKTeX\tex/generic/pgf/libraries\pgflibraryarrows.code.tex
File: pgflibraryarrows.code.tex 2021/05/15 v3.1.9a (3.1.9a)
\arrowsize=\dimen314
))
(C:\Program Files\MiKTeX\tex/generic/pgf/frontendlayer/tikz/libraries\tikzlibra
rypositioning.code.tex
File: tikzlibrarypositioning.code.tex 2021/05/15 v3.1.9a (3.1.9a)
)
(C:\Program Files\MiKTeX\tex/generic/pgf/frontendlayer/tikz/libraries\tikzlibra
rychains.code.tex
File: tikzlibrarychains.code.tex 2021/05/15 v3.1.9a (3.1.9a)
)
(C:\Program Files\MiKTeX\tex/generic/pgf/frontendlayer/tikz/libraries\tikzlibra
rydecorations.markings.code.tex
(C:\Program Files\MiKTeX\tex/generic/pgf/frontendlayer/tikz/libraries\tikzlibra
rydecorations.code.tex
(C:\Program Files\MiKTeX\tex/generic/pgf/modules\pgfmoduledecorations.code.tex
\pgfdecoratedcompleteddistance=\dimen315
\pgfdecoratedremainingdistance=\dimen316
\pgfdecoratedinputsegmentcompleteddistance=\dimen317
\pgfdecoratedinputsegmentremainingdistance=\dimen318
\pgf@decorate@distancetomove=\dimen319
\pgf@decorate@repeatstate=\count373
\pgfdecorationsegmentamplitude=\dimen320
\pgfdecorationsegmentlength=\dimen321
)
\tikz@lib@dec@box=\box94
)
(C:\Program Files\MiKTeX\tex/generic/pgf/libraries/decorations\pgflibrarydecora
tions.markings.code.tex))
(C:\Program Files\MiKTeX\tex/generic/pgf/frontendlayer/tikz/libraries\tikzlibra
rycalc.code.tex
File: tikzlibrarycalc.code.tex 2021/05/15 v3.1.9a (3.1.9a)
) (C:\Program Files\MiKTeX\tex/latex/multirow\multirow.sty
Package: multirow 2021/03/15 v2.8 Span multiple rows of a table
\multirow@colwidth=\skip74
\multirow@cntb=\count374
\multirow@dima=\skip75
\bigstrutjot=\dimen322
)
(C:\Program Files\MiKTeX\tex/latex/threeparttable\threeparttable.sty
Package: threeparttable 2003/06/13  v 3.0
\@tempboxb=\box95
)
(C:\Program Files\MiKTeX\tex/latex/mdwtools\footnote.sty
Package: footnote 1997/01/28 1.13 Save footnotes around boxes
\fn@notes=\box96
\fn@width=\dimen323
)
(C:\Program Files\MiKTeX\tex/latex/slashbox\slashbox.sty
slashbox style by K.Yasuoka, May 1993.
\@slashboxa=\box97
\@slashboxb=\box98
\@slashboxc=\box99
\@slashboxwd=\count375
\@slashboxht=\count376
\@slashsepl=\dimen324
\@slashsepr=\dimen325
) (C:\Program Files\MiKTeX\tex/latex/base\makeidx.sty
Package: makeidx 2021/10/04 v1.0m Standard LaTeX package
)
(C:\Program Files\MiKTeX\tex/latex/base\fontenc.sty
Package: fontenc 2021/04/29 v2.0v Standard LaTeX package
)
(C:\Program Files\MiKTeX\tex/latex/tex-gyre\tgtermes.sty
Package: tgtermes 2009/09/27 v1.2 TeX Gyre Termes as default roman family
)
(C:\Program Files\MiKTeX\tex/latex/psnfss\mathptmx.sty
Package: mathptmx 2020/03/25 PSNFSS-v9.3 Times w/ Math, improved (SPQR, WaS) 
LaTeX Font Info:    Redeclaring symbol font `operators' on input line 28.
LaTeX Font Info:    Overwriting symbol font `operators' in version `normal'
(Font)                  OT1/cmr/m/n --> OT1/ztmcm/m/n on input line 28.
LaTeX Font Info:    Overwriting symbol font `operators' in version `bold'
(Font)                  OT1/cmr/bx/n --> OT1/ztmcm/m/n on input line 28.
LaTeX Font Info:    Redeclaring symbol font `letters' on input line 29.
LaTeX Font Info:    Overwriting symbol font `letters' in version `normal'
(Font)                  OML/cmm/m/it --> OML/ztmcm/m/it on input line 29.
LaTeX Font Info:    Overwriting symbol font `letters' in version `bold'
(Font)                  OML/cmm/b/it --> OML/ztmcm/m/it on input line 29.
LaTeX Font Info:    Redeclaring symbol font `symbols' on input line 30.
LaTeX Font Info:    Overwriting symbol font `symbols' in version `normal'
(Font)                  OMS/cmsy/m/n --> OMS/ztmcm/m/n on input line 30.
LaTeX Font Info:    Overwriting symbol font `symbols' in version `bold'
(Font)                  OMS/cmsy/b/n --> OMS/ztmcm/m/n on input line 30.
LaTeX Font Info:    Redeclaring symbol font `largesymbols' on input line 31.
LaTeX Font Info:    Overwriting symbol font `largesymbols' in version `normal'
(Font)                  OMX/cmex/m/n --> OMX/ztmcm/m/n on input line 31.
LaTeX Font Info:    Overwriting symbol font `largesymbols' in version `bold'
(Font)                  OMX/cmex/m/n --> OMX/ztmcm/m/n on input line 31.
\symbold=\mathgroup6
\symitalic=\mathgroup7
LaTeX Font Info:    Redeclaring math alphabet \mathbf on input line 34.
LaTeX Font Info:    Overwriting math alphabet `\mathbf' in version `normal'
(Font)                  OT1/cmr/bx/n --> OT1/ptm/bx/n on input line 34.
LaTeX Font Info:    Overwriting math alphabet `\mathbf' in version `bold'
(Font)                  OT1/cmr/bx/n --> OT1/ptm/bx/n on input line 34.
LaTeX Font Info:    Redeclaring math alphabet \mathit on input line 35.
LaTeX Font Info:    Overwriting math alphabet `\mathit' in version `normal'
(Font)                  OT1/cmr/m/it --> OT1/ptm/m/it on input line 35.
LaTeX Font Info:    Overwriting math alphabet `\mathit' in version `bold'
(Font)                  OT1/cmr/bx/it --> OT1/ptm/m/it on input line 35.
LaTeX Info: Redefining \hbar on input line 50.
)
(C:\Program Files\MiKTeX\tex/latex/tools\indentfirst.sty
Package: indentfirst 1995/11/23 v1.03 Indent first paragraph (DPC)
)
(C:\Program Files\MiKTeX\tex/latex/ragged2e\ragged2e.sty
Package: ragged2e 2021/12/15 v3.1 ragged2e Package
\CenteringLeftskip=\skip76
\RaggedLeftLeftskip=\skip77
\RaggedRightLeftskip=\skip78
\CenteringRightskip=\skip79
\RaggedLeftRightskip=\skip80
\RaggedRightRightskip=\skip81
\CenteringParfillskip=\skip82
\RaggedLeftParfillskip=\skip83
\RaggedRightParfillskip=\skip84
\JustifyingParfillskip=\skip85
\CenteringParindent=\skip86
\RaggedLeftParindent=\skip87
\RaggedRightParindent=\skip88
\JustifyingParindent=\skip89
)
(C:\Program Files\MiKTeX\tex/latex/float\float.sty
Package: float 2001/11/08 v1.3d Float enhancements (AL)
\c@float@type=\count377
\float@exts=\toks51
\float@box=\box100
\@float@everytoks=\toks52
\@floatcapt=\box101
)
(C:\Program Files\MiKTeX\tex/latex/algorithms\algorithm.sty
Package: algorithm 2009/08/24 v0.1 Document Style `algorithm' - floating enviro
nment
\@float@every@algorithm=\toks53
\c@algorithm=\count378
)
(C:\Program Files\MiKTeX\tex/latex/algorithmicx\algpseudocode.sty
Package: algpseudocode 

(C:\Program Files\MiKTeX\tex/latex/algorithmicx\algorithmicx.sty
Package: algorithmicx 2005/04/27 v1.2 Algorithmicx

Document Style algorithmicx 1.2 - a greatly improved `algorithmic' style
\c@ALG@line=\count379
\c@ALG@rem=\count380
\c@ALG@nested=\count381
\ALG@tlm=\skip90
\ALG@thistlm=\skip91
\c@ALG@Lnr=\count382
\c@ALG@blocknr=\count383
\c@ALG@storecount=\count384
\c@ALG@tmpcounter=\count385
\ALG@tmplength=\skip92
)
Document Style - pseudocode environments for use with the `algorithmicx' style
) (C:\Program Files\MiKTeX\tex/latex/enumitem\enumitem.sty
Package: enumitem 2019/06/20 v3.9 Customized lists
\labelindent=\skip93
\enit@outerparindent=\dimen326
\enit@toks=\toks54
\enit@inbox=\box102
\enit@count@id=\count386
\enitdp@description=\count387
)
(C:\Program Files\MiKTeX\tex/latex/mathtools\mathtools.sty
Package: mathtools 2022/02/07 v1.28a mathematical typesetting tools

(C:\Program Files\MiKTeX\tex/latex/tools\calc.sty
Package: calc 2017/05/25 v4.3 Infix arithmetic (KKT,FJ)
\calc@Acount=\count388
\calc@Bcount=\count389
\calc@Adimen=\dimen327
\calc@Bdimen=\dimen328
\calc@Askip=\skip94
\calc@Bskip=\skip95
LaTeX Info: Redefining \setlength on input line 80.
LaTeX Info: Redefining \addtolength on input line 81.
\calc@Ccount=\count390
\calc@Cskip=\skip96
)
(C:\Program Files\MiKTeX\tex/latex/mathtools\mhsetup.sty
Package: mhsetup 2021/03/18 v1.4 programming setup (MH)
)
\g_MT_multlinerow_int=\count391
\l_MT_multwidth_dim=\dimen329
\origjot=\skip97
\l_MT_shortvdotswithinadjustabove_dim=\dimen330
\l_MT_shortvdotswithinadjustbelow_dim=\dimen331
\l_MT_above_intertext_sep=\dimen332
\l_MT_below_intertext_sep=\dimen333
\l_MT_above_shortintertext_sep=\dimen334
\l_MT_below_shortintertext_sep=\dimen335
\xmathstrut@box=\box103
\xmathstrut@dim=\dimen336
)
\@indexfile=\write4
\openout4 = `"Thesis-Subha Biswal.idx"'.


Writing index file "Thesis-Subha Biswal".idx
LaTeX Font Info:    Trying to load font information for T1+ptm on input line 56
.
(C:\Program Files\MiKTeX\tex/latex/psnfss\t1ptm.fd
File: t1ptm.fd 2001/06/04 font definitions for T1/ptm.
)
(C:\Program Files\MiKTeX\tex/latex/l3backend\l3backend-pdftex.def
File: l3backend-pdftex.def 2022-02-07 L3 backend support: PDF output (pdfTeX)
\l__color_backend_stack_int=\count392
\l__pdf_internal_box=\box104
)
(Thesis-Subha Biswal.aux)
\openout1 = `"Thesis-Subha Biswal.aux"'.

LaTeX Font Info:    Checking defaults for OML/cmm/m/it on input line 56.
LaTeX Font Info:    ... okay on input line 56.
LaTeX Font Info:    Checking defaults for OMS/cmsy/m/n on input line 56.
LaTeX Font Info:    ... okay on input line 56.
LaTeX Font Info:    Checking defaults for OT1/cmr/m/n on input line 56.
LaTeX Font Info:    ... okay on input line 56.
LaTeX Font Info:    Checking defaults for T1/cmr/m/n on input line 56.
LaTeX Font Info:    ... okay on input line 56.
LaTeX Font Info:    Checking defaults for TS1/cmr/m/n on input line 56.
LaTeX Font Info:    ... okay on input line 56.
LaTeX Font Info:    Checking defaults for OMX/cmex/m/n on input line 56.
LaTeX Font Info:    ... okay on input line 56.
LaTeX Font Info:    Checking defaults for U/cmr/m/n on input line 56.
LaTeX Font Info:    ... okay on input line 56.
LaTeX Font Info:    Checking defaults for PD1/pdf/m/n on input line 56.
LaTeX Font Info:    ... okay on input line 56.
LaTeX Font Info:    Checking defaults for PU/pdf/m/n on input line 56.
LaTeX Font Info:    ... okay on input line 56.
Package caption Info: Begin \AtBeginDocument code.
Package caption Info: float package is loaded.
Package caption Info: hyperref package is loaded.
Package caption Info: listings package is loaded.
Package caption Info: longtable package is loaded.

(C:\Program Files\MiKTeX\tex/latex/caption\ltcaption.sty
Package: ltcaption 2021/01/08 v1.4c longtable captions (AR)
)
Package caption Info: rotating package is loaded.
Package caption Info: threeparttable package is loaded.
Package caption Info: End \AtBeginDocument code.

(C:\Program Files\MiKTeX\tex/context/base/mkii\supp-pdf.mkii
[Loading MPS to PDF converter (version 2006.09.02).]
\scratchcounter=\count393
\scratchdimen=\dimen337
\scratchbox=\box105
\nofMPsegments=\count394
\nofMParguments=\count395
\everyMPshowfont=\toks55
\MPscratchCnt=\count396
\MPscratchDim=\dimen338
\MPnumerator=\count397
\makeMPintoPDFobject=\count398
\everyMPtoPDFconversion=\toks56
)
\c@lstlisting=\count399
Package hyperref Info: Link coloring ON on input line 56.
 (C:\Program Files\MiKTeX\tex/latex/hyperref\nameref.sty
Package: nameref 2021-04-02 v2.47 Cross-referencing by name of section

(C:\Program Files\MiKTeX\tex/latex/refcount\refcount.sty
Package: refcount 2019/12/15 v3.6 Data extraction from label references (HO)
)
(C:\Program Files\MiKTeX\tex/generic/gettitlestring\gettitlestring.sty
Package: gettitlestring 2019/12/15 v1.6 Cleanup title references (HO)
)
\c@section@level=\count400
)
LaTeX Info: Redefining \ref on input line 56.
LaTeX Info: Redefining \pageref on input line 56.
LaTeX Info: Redefining \nameref on input line 56.

(Thesis-Subha Biswal.out) (Thesis-Subha Biswal.out)
\@outlinefile=\write5
\openout5 = `"Thesis-Subha Biswal.out"'.


------------------------------------------------------------------------------
 Title Page
------------------------------------------------------------------------------
<VSSUTLogo.png, id=194, 1204.5pt x 1204.5pt>
File: VSSUTLogo.png Graphic file (type png)
<use VSSUTLogo.png>
Package pdftex.def Info: VSSUTLogo.png  used on input line 76.
(pdftex.def)             Requested size: 1204.49707pt x 1204.49707pt.
[1



{C:/Users/subha/AppData/Local/MiKTeX/fonts/map/pdftex/pdftex.map} <./VSSUTLogo.
png>]
File: VSSUTLogo.png Graphic file (type png)
<use VSSUTLogo.png>
Package pdftex.def Info: VSSUTLogo.png  used on input line 93.
(pdftex.def)             Requested size: 1204.49707pt x 1204.49707pt.

------------------------------------------------------------------------------
 CERTIFICATE
------------------------------------------------------------------------------
LaTeX Font Info:    Trying to load font information for OT1+ztmcm on input line
 114.
(C:\Program Files\MiKTeX\tex/latex/psnfss\ot1ztmcm.fd
File: ot1ztmcm.fd 2000/01/03 Fontinst v1.801 font definitions for OT1/ztmcm.
)
LaTeX Font Info:    Trying to load font information for OML+ztmcm on input line
 114.

(C:\Program Files\MiKTeX\tex/latex/psnfss\omlztmcm.fd
File: omlztmcm.fd 2000/01/03 Fontinst v1.801 font definitions for OML/ztmcm.
)
LaTeX Font Info:    Trying to load font information for OMS+ztmcm on input line
 114.

(C:\Program Files\MiKTeX\tex/latex/psnfss\omsztmcm.fd
File: omsztmcm.fd 2000/01/03 Fontinst v1.801 font definitions for OMS/ztmcm.
)
LaTeX Font Info:    Trying to load font information for OMX+ztmcm on input line
 114.

(C:\Program Files\MiKTeX\tex/latex/psnfss\omxztmcm.fd
File: omxztmcm.fd 2000/01/03 Fontinst v1.801 font definitions for OMX/ztmcm.
)
LaTeX Font Info:    Trying to load font information for OT1+ptm on input line 1
14.

(C:\Program Files\MiKTeX\tex/latex/psnfss\ot1ptm.fd
File: ot1ptm.fd 2001/06/04 font definitions for OT1/ptm.
)
LaTeX Font Info:    Font shape `OT1/ptm/bx/n' in size <20.74> not available
(Font)              Font shape `OT1/ptm/b/n' tried instead on input line 114.
LaTeX Font Info:    Font shape `OT1/ptm/bx/n' in size <14.4> not available
(Font)              Font shape `OT1/ptm/b/n' tried instead on input line 114.
LaTeX Font Info:    Font shape `OT1/ptm/bx/n' in size <12> not available
(Font)              Font shape `OT1/ptm/b/n' tried instead on input line 114.

Underfull \hbox (badness 10000) in paragraph at lines 114--114

 []


Underfull \hbox (badness 10000) in paragraph at lines 114--114

 []


Underfull \hbox (badness 10000) in paragraph at lines 114--114

 []


Underfull \hbox (badness 10000) in paragraph at lines 114--114

 []

LaTeX Font Info:    Font shape `OT1/ptm/bx/n' in size <9> not available
(Font)              Font shape `OT1/ptm/b/n' tried instead on input line 114.
LaTeX Font Info:    Font shape `OT1/ptm/bx/n' in size <7> not available
(Font)              Font shape `OT1/ptm/b/n' tried instead on input line 114.
[1

]
File: VSSUTLogo.png Graphic file (type png)
<use VSSUTLogo.png>
Package pdftex.def Info: VSSUTLogo.png  used on input line 124.
(pdftex.def)             Requested size: 1204.49707pt x 1204.49707pt.

------------------------------------------------------------------------------
 CERTIFICATE OF APPROVAL*
------------------------------------------------------------------------------

Overfull \hbox (3.8296pt too wide) in paragraph at lines 146--146
\T1/ptm/m/n/12 This is to cer-tify that we have ex-am-ined the the-sis en-ti-tl
ed \T1/ptm/b/n/12 ^^PEVAL-U-A-TION OF CATAS-
 []


Underfull \hbox (badness 10000) in paragraph at lines 146--146

 []


Underfull \hbox (badness 10000) in paragraph at lines 146--146

 []


Underfull \hbox (badness 10000) in paragraph at lines 146--146

 []


Underfull \hbox (badness 10000) in paragraph at lines 146--146

 []

[2


]
------------------------------------------------------------------------------
 DECLARATION
------------------------------------------------------------------------------
LaTeX Font Info:    Font shape `OT1/ptm/bx/n' in size <6> not available
(Font)              Font shape `OT1/ptm/b/n' tried instead on input line 183.
LaTeX Font Info:    Font shape `OT1/ptm/bx/n' in size <5> not available
(Font)              Font shape `OT1/ptm/b/n' tried instead on input line 183.

Underfull \hbox (badness 10000) in paragraph at lines 183--183

 []


Underfull \hbox (badness 10000) in paragraph at lines 183--183

 []


Underfull \hbox (badness 10000) in paragraph at lines 183--183

 []

[3


]
------------------------------------------------------------------------------
 ACKNOWLEDGEMENT
------------------------------------------------------------------------------

Underfull \hbox (badness 10000) in paragraph at lines 207--207

 []


Underfull \hbox (badness 10000) in paragraph at lines 207--207

 []


Underfull \hbox (badness 10000) in paragraph at lines 207--207

 []


Underfull \hbox (badness 10000) in paragraph at lines 207--207

 []

[4


]
------------------------------------------------------------------------------
 ABSTRACT
------------------------------------------------------------------------------

Underfull \hbox (badness 10000) in paragraph at lines 220--220

 []

[5


]
------------------------------------------------------------------------------
 Table of Contents
------------------------------------------------------------------------------
(Thesis-Subha Biswal.toc [6


])
\tf@toc=\write6
\openout6 = `"Thesis-Subha Biswal.toc"'.

 [7]
------------------------------------------------------------------------------
 List of Figures
------------------------------------------------------------------------------
(Thesis-Subha Biswal.lof)
\tf@lof=\write7
\openout7 = `"Thesis-Subha Biswal.lof"'.

 [8


]
------------------------------------------------------------------------------
 List of Tables
------------------------------------------------------------------------------
(Thesis-Subha Biswal.lot)
\tf@lot=\write8
\openout8 = `"Thesis-Subha Biswal.lot"'.

 [9


]
------------------------------------------------------------------------------
 List of Symbols
------------------------------------------------------------------------------

Overfull \hbox (12.68837pt too wide) in alignment at lines 274--274
 [] [] 
 []

[10



]
------------------------------------------------------------------------------
 Some Important Abbreviations
------------------------------------------------------------------------------
[11



] (Chapters/Chapter1.tex
Chapter 1.
------------------------------------------------------------------------------
 1 Introduction
------------------------------------------------------------------------------
[1



] [2] [3]
Overfull \hbox (11.81415pt too wide) in paragraph at lines 20--21
[]\T1/ptm/m/n/12 Pernicious ex-er-cises on es-ti-ma-tions from sen-sors like ph
a-sor es-ti-ma-tion units (PMUs)
 []

[4] [5] [6] [7] [8]) (Chapters/Chapter2.tex
Underfull \hbox (badness 10000) in paragraph at lines 51--1

 []


Underfull \hbox (badness 10000) in paragraph at lines 51--1

 []


Underfull \hbox (badness 10000) in paragraph at lines 51--1

 []

[9]
Chapter 2.
------------------------------------------------------------------------------
 2 Overview of Catastrophic Indicators
------------------------------------------------------------------------------

Overfull \hbox (3.46298pt too wide) in paragraph at lines 3--3
[]\T1/ptm/b/n/17.28 General Ter-mi-nolo-gies used for Sta-bil-ity As-sess-ment 

 []

LaTeX Font Info:    Trying to load font information for TS1+ptm on input line 5
.
(C:\Program Files\MiKTeX\tex/latex/psnfss\ts1ptm.fd
File: ts1ptm.fd 2001/06/04 font definitions for TS1/ptm.
) [10

] [11] [12] [13]
<D:/Subha/subha/Project/Thesis/Figures/WASI.jpg, id=495, 626.34pt x 407.72325pt
>
File: D:/Subha/subha/Project/Thesis/Figures/WASI.jpg Graphic file (type jpg)
<use D:/Subha/subha/Project/Thesis/Figures/WASI.jpg>
Package pdftex.def Info: D:/Subha/subha/Project/Thesis/Figures/WASI.jpg  used o
n input line 99.
(pdftex.def)             Requested size: 289.07999pt x 188.18332pt.

[14 <D:/Subha/subha/Project/Thesis/Figures/WASI.jpg>] [15]
<D:/Subha/subha/Project/Thesis/Figures/ISPI Categories.png, id=515, 934.08975pt
 x 210.7875pt>
File: D:/Subha/subha/Project/Thesis/Figures/ISPI Categories.png Graphic file (t
ype png)
<use D:/Subha/subha/Project/Thesis/Figures/ISPI Categories.png>
Package pdftex.def Info: D:/Subha/subha/Project/Thesis/Figures/ISPI Categories.
png  used on input line 152.
(pdftex.def)             Requested size: 341.43306pt x 77.04776pt.
)
(Chapters/Chapter3.tex [16 <D:/Subha/subha/Project/Thesis/Figures/ISPI Categori
es.png>] [17]
Chapter 3.
------------------------------------------------------------------------------
 3 Solution Methodology
------------------------------------------------------------------------------
<D:/Subha/subha/Project/Thesis/Figures/Flowchart2.png, id=529, 445.06274pt x 73
4.745pt>
File: D:/Subha/subha/Project/Thesis/Figures/Flowchart2.png Graphic file (type p
ng)
<use D:/Subha/subha/Project/Thesis/Figures/Flowchart2.png>
Package pdftex.def Info: D:/Subha/subha/Project/Thesis/Figures/Flowchart2.png  
used on input line 12.
(pdftex.def)             Requested size: 341.43306pt x 563.69252pt.
[18

] [19 <D:/Subha/subha/Project/Thesis/Figures/Flowchart2.png>] [20]
Overfull \hbox (1.32233pt too wide) in paragraph at lines 38--39
[]\T1/ptm/m/n/12 Executes steady-state power flow. mop-tion used to set and re-
trieve a MAT-POWER
 []

[21]
<D:/Subha/subha/Project/Thesis/Figures/Transient Stability.png, id=558, 1135.84
35pt x 507.0945pt>
File: D:/Subha/subha/Project/Thesis/Figures/Transient Stability.png Graphic fil
e (type png)
<use D:/Subha/subha/Project/Thesis/Figures/Transient Stability.png>
Package pdftex.def Info: D:/Subha/subha/Project/Thesis/Figures/Transient Stabil
ity.png  used on input line 52.
(pdftex.def)             Requested size: 454.32936pt x 202.8342pt.

Overfull \hbox (36.8563pt too wide) in paragraph at lines 52--53
[][] 
 []


Overfull \hbox (1.00346pt too wide) in paragraph at lines 50--55
[]\T1/ptm/m/n/12 Execution of tran-sientSta-bil-ity.mdl in-cludes the ex-e-cu-t
ion of the base model known
 []

[22]
<D:/Subha/subha/Project/Thesis/Figures/Generators.png, id=568, 1135.8435pt x 50
7.0945pt>
File: D:/Subha/subha/Project/Thesis/Figures/Generators.png Graphic file (type p
ng)
<use D:/Subha/subha/Project/Thesis/Figures/Generators.png>
Package pdftex.def Info: D:/Subha/subha/Project/Thesis/Figures/Generators.png  
used on input line 63.
(pdftex.def)             Requested size: 454.32936pt x 202.8342pt.

Overfull \hbox (36.8563pt too wide) in paragraph at lines 63--64
 [][] 
 []

<D:/Subha/subha/Project/Thesis/Figures/swing eqn.png, id=570, 1135.8435pt x 507
.0945pt>
File: D:/Subha/subha/Project/Thesis/Figures/swing eqn.png Graphic file (type pn
g)
<use D:/Subha/subha/Project/Thesis/Figures/swing eqn.png>
Package pdftex.def Info: D:/Subha/subha/Project/Thesis/Figures/swing eqn.png  u
sed on input line 132.
(pdftex.def)             Requested size: 340.75568pt x 152.12952pt.
[23 <D:/Subha/subha/Project/Thesis/Figures/Transient Stability.png> <D:/Subha/s
ubha/Project/Thesis/Figures/Generators.png>]
<D:/Subha/subha/Project/Thesis/Figures/Turbine.png, id=577, 1135.8435pt x 507.0
945pt>
File: D:/Subha/subha/Project/Thesis/Figures/Turbine.png Graphic file (type png)

<use D:/Subha/subha/Project/Thesis/Figures/Turbine.png>
Package pdftex.def Info: D:/Subha/subha/Project/Thesis/Figures/Turbine.png  use
d on input line 157.
(pdftex.def)             Requested size: 454.32936pt x 202.8342pt.

Overfull \hbox (36.8563pt too wide) in paragraph at lines 157--158
 [][] 
 []

<D:/Subha/subha/Project/Thesis/Figures/Excitation Model.png, id=578, 575.751pt 
x 507.0945pt>
File: D:/Subha/subha/Project/Thesis/Figures/Excitation Model.png Graphic file (
type png)
<use D:/Subha/subha/Project/Thesis/Figures/Excitation Model.png>
Package pdftex.def Info: D:/Subha/subha/Project/Thesis/Figures/Excitation Model
.png  used on input line 222.
(pdftex.def)             Requested size: 287.8748pt x 253.54662pt.
[24 <D:/Subha/subha/Project/Thesis/Figures/swing eqn.png> <D:/Subha/subha/Proje
ct/Thesis/Figures/Turbine.png>]
<D:/Subha/subha/Project/Thesis/Figures/Static Loads.png, id=585, 1135.8435pt x 
507.0945pt>
File: D:/Subha/subha/Project/Thesis/Figures/Static Loads.png Graphic file (type
 png)
<use D:/Subha/subha/Project/Thesis/Figures/Static Loads.png>
Package pdftex.def Info: D:/Subha/subha/Project/Thesis/Figures/Static Loads.png
  used on input line 279.
(pdftex.def)             Requested size: 454.32936pt x 202.8342pt.

Overfull \hbox (36.8563pt too wide) in paragraph at lines 279--280
 [][] 
 []

[25 <D:/Subha/subha/Project/Thesis/Figures/Excitation Model.png> <D:/Subha/subh
a/Project/Thesis/Figures/Static Loads.png>]
<D:/Subha/subha/Project/Thesis/Figures/PSS.png, id=594, 1135.8435pt x 507.0945p
t>
File: D:/Subha/subha/Project/Thesis/Figures/PSS.png Graphic file (type png)
<use D:/Subha/subha/Project/Thesis/Figures/PSS.png>
Package pdftex.def Info: D:/Subha/subha/Project/Thesis/Figures/PSS.png  used on
 input line 315.
(pdftex.def)             Requested size: 454.32936pt x 202.8342pt.

Overfull \hbox (36.8563pt too wide) in paragraph at lines 315--316
 [][] 
 []

<D:/Subha/subha/Project/Thesis/Figures/output.png, id=595, 595.023pt x 507.0945
pt>
File: D:/Subha/subha/Project/Thesis/Figures/output.png Graphic file (type png)
<use D:/Subha/subha/Project/Thesis/Figures/output.png>
Package pdftex.def Info: D:/Subha/subha/Project/Thesis/Figures/output.png  used
 on input line 357.
(pdftex.def)             Requested size: 238.00497pt x 202.8342pt.
[26 <D:/Subha/subha/Project/Thesis/Figures/PSS.png> <D:/Subha/subha/Project/The
sis/Figures/output.png>]
Overfull \hbox (25.19997pt too wide) in paragraph at lines 375--385
[][] 
 []

Package hyperref Info: bookmark level for unknown algorithm defaults to 0 on in
put line 388.
) (Chapters/Chapter4.tex [27] [28]
Chapter 4.
------------------------------------------------------------------------------
 4 Results and Discussion
------------------------------------------------------------------------------
<D:/Subha/subha/Project/Thesis/Figures/LD.png, id=617, 227.04292pt x 136.22575p
t>
File: D:/Subha/subha/Project/Thesis/Figures/LD.png Graphic file (type png)
<use D:/Subha/subha/Project/Thesis/Figures/LD.png>
Package pdftex.def Info: D:/Subha/subha/Project/Thesis/Figures/LD.png  used on 
input line 14.
(pdftex.def)             Requested size: 250.48637pt x 150.29774pt.
[29

 <D:/Subha/subha/Project/Thesis/Figures/LD.png>]
<D:/Subha/subha/Project/Thesis/Figures/Co No fault.png, id=627, 1445.4pt x 712.
91344pt>
File: D:/Subha/subha/Project/Thesis/Figures/Co No fault.png Graphic file (type 
png)
<use D:/Subha/subha/Project/Thesis/Figures/Co No fault.png>
Package pdftex.def Info: D:/Subha/subha/Project/Thesis/Figures/Co No fault.png 
 used on input line 27.
(pdftex.def)             Requested size: 208.73653pt x 102.95099pt.
<D:/Subha/subha/Project/Thesis/Figures/Co A1.png, id=628, 1445.4pt x 712.91344p
t>
File: D:/Subha/subha/Project/Thesis/Figures/Co A1.png Graphic file (type png)
<use D:/Subha/subha/Project/Thesis/Figures/Co A1.png>
Package pdftex.def Info: D:/Subha/subha/Project/Thesis/Figures/Co A1.png  used 
on input line 33.
(pdftex.def)             Requested size: 208.73653pt x 102.95099pt.
LaTeX Font Info:    Font shape `OT1/ptm/bx/n' in size <10> not available
(Font)              Font shape `OT1/ptm/b/n' tried instead on input line 34.
LaTeX Font Info:    Font shape `OT1/ptm/bx/n' in size <7.4> not available
(Font)              Font shape `OT1/ptm/b/n' tried instead on input line 34.
<D:/Subha/subha/Project/Thesis/Figures/Co A2.png, id=629, 1445.4pt x 712.91344p
t>
File: D:/Subha/subha/Project/Thesis/Figures/Co A2.png Graphic file (type png)
<use D:/Subha/subha/Project/Thesis/Figures/Co A2.png>
Package pdftex.def Info: D:/Subha/subha/Project/Thesis/Figures/Co A2.png  used 
on input line 40.
(pdftex.def)             Requested size: 208.73653pt x 102.95099pt.
<D:/Subha/subha/Project/Thesis/Figures/Co A3.png, id=630, 1445.4pt x 712.91344p
t>
File: D:/Subha/subha/Project/Thesis/Figures/Co A3.png Graphic file (type png)
<use D:/Subha/subha/Project/Thesis/Figures/Co A3.png>
Package pdftex.def Info: D:/Subha/subha/Project/Thesis/Figures/Co A3.png  used 
on input line 46.
(pdftex.def)             Requested size: 208.73653pt x 102.95099pt.
<D:/Subha/subha/Project/Thesis/Figures/Co A4.png, id=631, 1445.4pt x 712.91344p
t>
File: D:/Subha/subha/Project/Thesis/Figures/Co A4.png Graphic file (type png)
<use D:/Subha/subha/Project/Thesis/Figures/Co A4.png>
Package pdftex.def Info: D:/Subha/subha/Project/Thesis/Figures/Co A4.png  used 
on input line 53.
(pdftex.def)             Requested size: 208.73653pt x 102.95099pt.
 [30 <D:/Subha/subha/Project/Thesis/Figures/Co No fault.png (PNG copy)> <D:/Sub
ha/subha/Project/Thesis/Figures/Co A1.png (PNG copy)> <D:/Subha/subha/Project/T
hesis/Figures/Co A2.png (PNG copy)> <D:/Subha/subha/Project/Thesis/Figures/Co A
3.png (PNG copy)> <D:/Subha/subha/Project/Thesis/Figures/Co A4.png (PNG copy)>]
<D:/Subha/subha/Project/Thesis/Figures/TE No Fault.png, id=636, 1445.4pt x 712.
91344pt>
File: D:/Subha/subha/Project/Thesis/Figures/TE No Fault.png Graphic file (type 
png)
<use D:/Subha/subha/Project/Thesis/Figures/TE No Fault.png>
Package pdftex.def Info: D:/Subha/subha/Project/Thesis/Figures/TE No Fault.png 
 used on input line 88.
(pdftex.def)             Requested size: 208.73653pt x 102.95099pt.
<D:/Subha/subha/Project/Thesis/Figures/TE A1.png, id=637, 1445.4pt x 712.91344p
t>
File: D:/Subha/subha/Project/Thesis/Figures/TE A1.png Graphic file (type png)
<use D:/Subha/subha/Project/Thesis/Figures/TE A1.png>
Package pdftex.def Info: D:/Subha/subha/Project/Thesis/Figures/TE A1.png  used 
on input line 94.
(pdftex.def)             Requested size: 208.73653pt x 102.95099pt.
<D:/Subha/subha/Project/Thesis/Figures/TE A2.png, id=638, 1445.4pt x 712.91344p
t>
File: D:/Subha/subha/Project/Thesis/Figures/TE A2.png Graphic file (type png)
<use D:/Subha/subha/Project/Thesis/Figures/TE A2.png>
Package pdftex.def Info: D:/Subha/subha/Project/Thesis/Figures/TE A2.png  used 
on input line 101.
(pdftex.def)             Requested size: 208.73653pt x 102.95099pt.
<D:/Subha/subha/Project/Thesis/Figures/TE A3.png, id=639, 1445.4pt x 712.91344p
t>
File: D:/Subha/subha/Project/Thesis/Figures/TE A3.png Graphic file (type png)
<use D:/Subha/subha/Project/Thesis/Figures/TE A3.png>
Package pdftex.def Info: D:/Subha/subha/Project/Thesis/Figures/TE A3.png  used 
on input line 107.
(pdftex.def)             Requested size: 208.73653pt x 102.95099pt.
<D:/Subha/subha/Project/Thesis/Figures/TE A4.png, id=640, 1445.4pt x 712.91344p
t>
File: D:/Subha/subha/Project/Thesis/Figures/TE A4.png Graphic file (type png)
<use D:/Subha/subha/Project/Thesis/Figures/TE A4.png>
Package pdftex.def Info: D:/Subha/subha/Project/Thesis/Figures/TE A4.png  used 
on input line 114.
(pdftex.def)             Requested size: 208.73653pt x 102.95099pt.
 [31 <D:/Subha/subha/Project/Thesis/Figures/TE No Fault.png (PNG copy)> <D:/Sub
ha/subha/Project/Thesis/Figures/TE A1.png (PNG copy)> <D:/Subha/subha/Project/T
hesis/Figures/TE A2.png (PNG copy)> <D:/Subha/subha/Project/Thesis/Figures/TE A
3.png (PNG copy)> <D:/Subha/subha/Project/Thesis/Figures/TE A4.png (PNG copy)>]
<D:/Subha/subha/Project/Thesis/Figures/CSA.png, id=646, 1445.4pt x 712.91344pt>

File: D:/Subha/subha/Project/Thesis/Figures/CSA.png Graphic file (type png)
<use D:/Subha/subha/Project/Thesis/Figures/CSA.png>
Package pdftex.def Info: D:/Subha/subha/Project/Thesis/Figures/CSA.png  used on
 input line 146.
(pdftex.def)             Requested size: 417.47307pt x 205.91286pt.
 [32 <D:/Subha/subha/Project/Thesis/Figures/CSA.png (PNG copy)>]
<D:/Subha/subha/Project/Thesis/Figures/WASIcurve.png, id=651, 1445.4pt x 712.91
344pt>
File: D:/Subha/subha/Project/Thesis/Figures/WASIcurve.png Graphic file (type pn
g)
<use D:/Subha/subha/Project/Thesis/Figures/WASIcurve.png>
Package pdftex.def Info: D:/Subha/subha/Project/Thesis/Figures/WASIcurve.png  u
sed on input line 177.
(pdftex.def)             Requested size: 417.47307pt x 205.91286pt.
 [33 <D:/Subha/subha/Project/Thesis/Figures/WASIcurve.png (PNG copy)>]
<D:/Subha/subha/Project/Thesis/Figures/ISPI Bar graph.png, id=656, 686.565pt x 
348.1005pt>
File: D:/Subha/subha/Project/Thesis/Figures/ISPI Bar graph.png Graphic file (ty
pe png)
<use D:/Subha/subha/Project/Thesis/Figures/ISPI Bar graph.png>
Package pdftex.def Info: D:/Subha/subha/Project/Thesis/Figures/ISPI Bar graph.p
ng  used on input line 226.
(pdftex.def)             Requested size: 417.47307pt x 211.6611pt.

Overfull \hbox (1.04352pt too wide) in paragraph at lines 243--243
 []|\T1/ptm/b/n/12 Coherency 
 []


Overfull \hbox (3.03574pt too wide) in paragraph at lines 251--251
 []|\T1/ptm/m/n/12 1.3248e+03| 
 []


Overfull \hbox (3.03574pt too wide) in paragraph at lines 251--251
 []|\T1/ptm/m/n/12 2.6497e+03| 
 []


Overfull \hbox (3.03574pt too wide) in paragraph at lines 251--251
 []|\T1/ptm/m/n/12 3.7071e+05| 
 []


Overfull \hbox (3.03574pt too wide) in paragraph at lines 252--252
 []|\T1/ptm/m/n/12 1.3913e+03| 
 []


Overfull \hbox (3.03574pt too wide) in paragraph at lines 252--252
 []|\T1/ptm/m/n/12 2.7826e+03| 
 []


Overfull \hbox (3.03574pt too wide) in paragraph at lines 252--252
 []|\T1/ptm/m/n/12 3.9845e+05| 
 []


Overfull \hbox (3.03574pt too wide) in paragraph at lines 271--271
 []|\T1/ptm/m/n/12 6.6780e+03| 
 []


Overfull \hbox (11.15906pt too wide) in paragraph at lines 240--274
[][] 
 []

[34 <D:/Subha/subha/Project/Thesis/Figures/ISPI Bar graph.png>])
(Chapters/Chapter5.tex [35] [36] [37]
Chapter 5.
------------------------------------------------------------------------------
 5 Conclusion and Future Scope
------------------------------------------------------------------------------
[38

]) [39]
------------------------------------------------------------------------------
 References
------------------------------------------------------------------------------
(Chapters/References.tex [40



] [41]) [42] (Thesis-Subha Biswal.aux)
Package rerunfilecheck Info: File `"Thesis-Subha Biswal".out' has not changed.
(rerunfilecheck)             Checksum: 27178A15DF99F851FE0F6F15972D0EEB;9828.
 ) 
Here is how much of TeX's memory you used:
 30521 strings out of 478655
 593827 string characters out of 2856540
 878197 words of memory out of 3000000
 47751 multiletter control sequences out of 15000+600000
 568590 words of font info for 169 fonts, out of 8000000 for 9000
 1141 hyphenation exceptions out of 8191
 84i,13n,89p,2662b,806s stack positions out of 10000i,1000n,20000p,200000b,80000s
{C:/Program Files/MiKTeX/fonts/enc/dvips/base/8r.enc}<C:/Program Files/MiKTeX
/fonts/type1/public/amsfonts/cm/cmex10.pfb><C:/Program Files/MiKTeX/fonts/type1
/public/amsfonts/cm/cmmi10.pfb><C:/Program Files/MiKTeX/fonts/type1/public/amsf
onts/cm/cmr10.pfb><C:/Program Files/MiKTeX/fonts/type1/public/amsfonts/cm/cmsy1
0.pfb><C:/Program Files/MiKTeX/fonts/type1/public/amsfonts/symbols/msam10.pfb><
C:/Program Files/MiKTeX/fonts/type1/urw/symbol/usyr.pfb><C:/Program Files/MiKTe
X/fonts/type1/urw/symbol/usyr.pfb><C:/Program Files/MiKTeX/fonts/type1/urw/time
s/utmb8a.pfb><C:/Program Files/MiKTeX/fonts/type1/urw/times/utmbi8a.pfb><C:/Pro
gram Files/MiKTeX/fonts/type1/urw/times/utmr8a.pfb><C:/Program Files/MiKTeX/fon
ts/type1/urw/times/utmr8a.pfb><C:/Program Files/MiKTeX/fonts/type1/urw/times/ut
mri8a.pfb>
Output written on "Thesis-Subha Biswal.pdf" (54 pages, 2069298 bytes).
PDF statistics:
 812 PDF objects out of 1000 (max. 8388607)
 210 named destinations out of 1000 (max. 500000)
 519 words of extra memory for PDF output out of 10000 (max. 10000000)

