\BOOKMARK [0][-]{dummy.1}{\376\377\000C\000e\000r\000t\000i\000f\000i\000c\000a\000t\000e}{}% 1
\BOOKMARK [0][-]{dummy.2}{\376\377\000C\000e\000r\000t\000i\000f\000i\000c\000a\000t\000e\000\040\000o\000f\000\040\000A\000p\000p\000r\000o\000v\000a\000l}{}% 2
\BOOKMARK [0][-]{dummy.3}{\376\377\000D\000e\000c\000l\000a\000r\000a\000t\000i\000o\000n}{}% 3
\BOOKMARK [0][-]{dummy.4}{\376\377\000A\000c\000k\000n\000o\000w\000l\000e\000d\000g\000e\000m\000e\000n\000t}{}% 4
\BOOKMARK [0][-]{dummy.5}{\376\377\000A\000b\000s\000t\000r\000a\000c\000t}{}% 5
\BOOKMARK [0][-]{dummy.7}{\376\377\000L\000i\000s\000t\000\040\000o\000f\000\040\000F\000i\000g\000u\000r\000e\000s}{}% 6
\BOOKMARK [0][-]{dummy.9}{\376\377\000L\000i\000s\000t\000\040\000o\000f\000\040\000T\000a\000b\000l\000e\000s}{}% 7
\BOOKMARK [0][-]{dummy.11}{\376\377\000S\000y\000m\000b\000o\000l\000s}{}% 8
\BOOKMARK [0][-]{dummy.14}{\376\377\000A\000b\000b\000r\000e\000v\000i\000a\000t\000i\000o\000n\000s}{}% 9
\BOOKMARK [0][-]{chapter.17}{\376\377\0001\000\040\000I\000n\000t\000r\000o\000d\000u\000c\000t\000i\000o\000n}{}% 10
\BOOKMARK [1][-]{section.18}{\376\377\0001\000.\0001\000\040\000B\000a\000c\000k\000g\000r\000o\000u\000n\000d}{chapter.17}% 11
\BOOKMARK [1][-]{section.19}{\376\377\0001\000.\0002\000\040\000L\000i\000t\000e\000r\000a\000t\000u\000r\000e\000\040\000R\000e\000v\000i\000e\000w}{chapter.17}% 12
\BOOKMARK [1][-]{section.20}{\376\377\0001\000.\0003\000\040\000P\000r\000o\000j\000e\000c\000t\000\040\000M\000o\000t\000i\000v\000a\000t\000i\000o\000n}{chapter.17}% 13
\BOOKMARK [1][-]{section.21}{\376\377\0001\000.\0004\000\040\000O\000b\000j\000e\000c\000t\000i\000v\000e\000s\000\040\000o\000f\000\040\000t\000h\000e\000\040\000W\000o\000r\000k}{chapter.17}% 14
\BOOKMARK [1][-]{section.26}{\376\377\0001\000.\0005\000\040\000T\000h\000e\000s\000i\000s\000\040\000O\000r\000g\000a\000n\000i\000s\000a\000t\000i\000o\000n}{chapter.17}% 15
\BOOKMARK [0][-]{chapter.27}{\376\377\0002\000\040\000O\000v\000e\000r\000v\000i\000e\000w\000\040\000o\000f\000\040\000C\000a\000t\000a\000s\000t\000r\000o\000p\000h\000i\000c\000\040\000I\000n\000d\000i\000c\000a\000t\000o\000r\000s}{}% 16
\BOOKMARK [1][-]{section.28}{\376\377\0002\000.\0001\000\040\000G\000e\000n\000e\000r\000a\000l\000\040\000T\000e\000r\000m\000i\000n\000o\000l\000o\000g\000i\000e\000s\000\040\000u\000s\000e\000d\000\040\000f\000o\000r\000\040\000S\000t\000a\000b\000i\000l\000i\000t\000y\000\040\000A\000s\000s\000e\000s\000s\000m\000e\000n\000t}{chapter.27}% 17
\BOOKMARK [1][-]{section.35}{\376\377\0002\000.\0002\000\040\000C\000a\000t\000a\000s\000t\000r\000o\000p\000h\000i\000c\000\040\000I\000n\000d\000i\000c\000a\000t\000o\000r\000s}{chapter.27}% 18
\BOOKMARK [2][-]{subsection.36}{\376\377\0002\000.\0002\000.\0001\000\040\000I\000n\000d\000i\000c\000a\000t\000o\000r\000\040\000b\000a\000s\000e\000d\000\040\000o\000n\000\040\000C\000o\000h\000e\000r\000e\000n\000c\000y}{section.35}% 19
\BOOKMARK [2][-]{subsection.38}{\376\377\0002\000.\0002\000.\0002\000\040\000I\000n\000d\000i\000c\000a\000t\000o\000r\000\040\000b\000a\000s\000e\000d\000\040\000o\000n\000\040\000T\000r\000a\000n\000s\000i\000e\000n\000t\000\040\000E\000n\000e\000r\000g\000y\000\040\000C\000o\000n\000v\000e\000r\000s\000i\000o\000n}{section.35}% 20
\BOOKMARK [2][-]{subsection.40}{\376\377\0002\000.\0002\000.\0003\000\040\000I\000n\000d\000i\000c\000a\000t\000o\000r\000\040\000b\000a\000s\000e\000d\000\040\000o\000n\000\040\000D\000o\000t\000\040\000P\000r\000o\000d\000u\000c\000t\000s\000\040\000\050\000C\000S\000A\000\051}{section.35}% 21
\BOOKMARK [2][-]{subsection.42}{\376\377\0002\000.\0002\000.\0004\000\040\000W\000i\000d\000e\000\040\000A\000r\000e\000a\000\040\000S\000e\000v\000e\000r\000i\000t\000y\000\040\000I\000n\000d\000e\000x\000\040\000\050\000W\000A\000S\000I\000\051}{section.35}% 22
\BOOKMARK [2][-]{subsection.45}{\376\377\0002\000.\0002\000.\0005\000\040\000I\000n\000t\000e\000r\000-\000a\000r\000e\000a\000\040\000S\000t\000a\000b\000i\000l\000i\000t\000y\000\040\000P\000r\000e\000d\000i\000c\000t\000i\000o\000n\000\040\000I\000n\000d\000e\000x\000\040\000\050\000I\000S\000P\000I\000\051}{section.35}% 23
\BOOKMARK [3][-]{subsubsection.46}{\376\377\0002\000.\0002\000.\0005\000.\0001\000\040\000T\000h\000r\000e\000s\000h\000o\000l\000d\000s\000\040\000v\000a\000l\000u\000e\000s}{subsection.45}% 24
\BOOKMARK [3][-]{subsubsection.47}{\376\377\0002\000.\0002\000.\0005\000.\0002\000\040\000R\000e\000f\000e\000r\000e\000n\000c\000e\000\040\000V\000a\000l\000u\000e\000s\000,\000\040\000D\000e\000v\000i\000a\000t\000i\000o\000n\000\040\000P\000e\000r\000c\000e\000n\000t}{subsection.45}% 25
\BOOKMARK [1][-]{section.58}{\376\377\0002\000.\0003\000\040\000P\000r\000o\000b\000l\000e\000m\000\040\000F\000o\000r\000m\000u\000l\000a\000t\000i\000o\000n}{chapter.27}% 26
\BOOKMARK [0][-]{chapter.59}{\376\377\0003\000\040\000S\000o\000l\000u\000t\000i\000o\000n\000\040\000M\000e\000t\000h\000o\000d\000o\000l\000o\000g\000y}{}% 27
\BOOKMARK [1][-]{section.60}{\376\377\0003\000.\0001\000\040\000I\000n\000t\000r\000o\000d\000u\000c\000t\000i\000o\000n}{chapter.59}% 28
\BOOKMARK [1][-]{section.62}{\376\377\0003\000.\0002\000\040\000M\000A\000T\000-\000P\000O\000W\000E\000R\000\040\000T\000o\000o\000l\000\040\000B\000o\000x}{chapter.59}% 29
\BOOKMARK [2][-]{subsection.63}{\376\377\0003\000.\0002\000.\0001\000\040\000E\000c\000o\000n\000o\000m\000i\000c\000\040\000L\000o\000a\000d\000\040\000D\000i\000s\000p\000a\000t\000c\000h\000\040\000E\000x\000a\000m\000p\000l\000e\000\040\000o\000n\000\040\000I\000E\000E\000E\000-\0009\000\040\000B\000u\000s\000\040\000S\000y\000s\000t\000e\000m}{section.62}% 30
\BOOKMARK [1][-]{section.64}{\376\377\0003\000.\0003\000\040\000M\000A\000T\000-\000T\000R\000A\000N\000S\000\040\000S\000o\000f\000t\000w\000a\000r\000e}{chapter.59}% 31
\BOOKMARK [2][-]{subsection.65}{\376\377\0003\000.\0003\000.\0001\000\040\000P\000s\000e\000u\000d\000o\000-\000C\000o\000d\000e\000\040\000o\000f\000\040\000t\000h\000e\000\040\000M\000A\000T\000T\000R\000A\000N\000S\000\040\000S\000o\000f\000t\000w\000a\000r\000e}{section.64}% 32
\BOOKMARK [2][-]{subsection.77}{\376\377\0003\000.\0003\000.\0002\000\040\000S\000i\000m\000u\000l\000a\000t\000i\000o\000n\000\040\000M\000o\000d\000e\000l\000s}{section.64}% 33
\BOOKMARK [1][-]{section.93}{\376\377\0003\000.\0004\000\040\000C\000o\000m\000p\000u\000t\000a\000t\000i\000o\000n\000\040\000o\000f\000\040\000I\000n\000d\000i\000c\000a\000t\000o\000r\000s}{chapter.59}% 34
\BOOKMARK [0][-]{chapter.96}{\376\377\0004\000\040\000R\000e\000s\000u\000l\000t\000s\000\040\000a\000n\000d\000\040\000D\000i\000s\000c\000u\000s\000s\000i\000o\000n}{}% 35
\BOOKMARK [1][-]{section.97}{\376\377\0004\000.\0001\000\040\000S\000t\000a\000b\000i\000l\000i\000t\000y\000\040\000A\000n\000a\000l\000y\000s\000i\000s\000\040\000i\000n\000\040\0001\0000\000\040\000B\000u\000s\000\040\0004\000\040\000G\000e\000n\000e\000r\000a\000t\000o\000r\000\040\000S\000y\000s\000t\000e\000m}{chapter.96}% 36
\BOOKMARK [2][-]{subsection.102}{\376\377\0004\000.\0001\000.\0001\000\040\000R\000e\000s\000u\000l\000t\000s\000\040\000f\000o\000r\000\040\000I\000n\000d\000i\000c\000a\000t\000o\000r\000\040\000b\000a\000s\000e\000d\000\040\000o\000n\000\040\000C\000o\000h\000e\000r\000e\000n\000c\000y}{section.97}% 37
\BOOKMARK [2][-]{subsection.105}{\376\377\0004\000.\0001\000.\0002\000\040\000R\000e\000s\000u\000l\000t\000s\000\040\000f\000o\000r\000\040\000I\000n\000d\000i\000c\000a\000t\000o\000r\000\040\000b\000a\000s\000e\000d\000\040\000o\000n\000\040\000T\000r\000a\000n\000s\000i\000e\000n\000t\000\040\000E\000n\000e\000r\000g\000y\000\040\000C\000o\000n\000v\000e\000r\000s\000i\000o\000n}{section.97}% 38
\BOOKMARK [2][-]{subsection.108}{\376\377\0004\000.\0001\000.\0003\000\040\000R\000e\000s\000u\000l\000t\000s\000\040\000f\000o\000r\000\040\000I\000n\000d\000i\000c\000a\000t\000o\000r\000\040\000b\000a\000s\000e\000d\000\040\000o\000n\000\040\000D\000o\000t\000\040\000P\000r\000o\000d\000u\000c\000t\000s\000\040\000\050\000C\000S\000A\000\051}{section.97}% 39
\BOOKMARK [2][-]{subsection.111}{\376\377\0004\000.\0001\000.\0004\000\040\000R\000e\000s\000u\000l\000t\000s\000\040\000f\000o\000r\000\040\000W\000i\000d\000e\000\040\000A\000r\000e\000a\000\040\000S\000e\000v\000e\000r\000i\000t\000y\000\040\000I\000n\000d\000e\000x\000\040\000\050\000W\000A\000S\000I\000\051}{section.97}% 40
\BOOKMARK [2][-]{subsection.114}{\376\377\0004\000.\0001\000.\0005\000\040\000R\000e\000s\000u\000l\000t\000s\000\040\000f\000o\000r\000\040\000I\000n\000t\000e\000r\000-\000a\000r\000e\000a\000\040\000S\000t\000a\000b\000i\000l\000i\000t\000y\000\040\000P\000r\000e\000d\000i\000c\000t\000i\000o\000n\000\040\000I\000n\000d\000e\000x\000\040\000\050\000I\000S\000P\000I\000\051}{section.97}% 41
\BOOKMARK [1][-]{section.117}{\376\377\0004\000.\0002\000\040\000S\000t\000a\000b\000i\000l\000i\000t\000y\000\040\000A\000n\000a\000l\000y\000s\000i\000s\000\040\000i\000n\000\040\000O\000t\000h\000e\000r\000\040\000T\000e\000s\000t\000\040\000S\000y\000s\000t\000e\000m\000s}{chapter.96}% 42
\BOOKMARK [1][-]{section.119}{\376\377\0004\000.\0003\000\040\000D\000i\000s\000c\000u\000s\000s\000i\000o\000n}{chapter.96}% 43
\BOOKMARK [0][-]{chapter.120}{\376\377\0005\000\040\000C\000o\000n\000c\000l\000u\000s\000i\000o\000n\000\040\000a\000n\000d\000\040\000F\000u\000t\000u\000r\000e\000\040\000S\000c\000o\000p\000e}{}% 44
\BOOKMARK [1][-]{section.121}{\376\377\0005\000.\0001\000\040\000C\000o\000n\000c\000l\000u\000s\000i\000o\000n}{chapter.120}% 45
\BOOKMARK [1][-]{section.122}{\376\377\0005\000.\0002\000\040\000F\000u\000t\000u\000r\000e\000\040\000S\000c\000o\000p\000e}{chapter.120}% 46
\BOOKMARK [0][-]{dummy.123}{\376\377\000R\000e\000f\000e\000r\000e\000n\000c\000e\000s}{}% 47
